app/build/outputs/logs/manifest-merger-release-report.txt
-- Merging decision tree log ---
manifest
ADDED from src\main\AndroidManifest.xml:2:1-404:12
	package
		ADDED from src\main\AndroidManifest.xml:3:11-33
		INJECTED from src\main\AndroidManifest.xml
		INJECTED from src\main\AndroidManifest.xml
	android:versionName
		ADDED from src\main\AndroidManifest.xml:6:11-36
		INJECTED from src\main\AndroidManifest.xml
		INJECTED from src\main\AndroidManifest.xml
	android:versionCode
		ADDED from src\main\AndroidManifest.xml:5:11-34
		INJECTED from src\main\AndroidManifest.xml
		INJECTED from src\main\AndroidManifest.xml
	xmlns:android
		ADDED from src\main\AndroidManifest.xml:2:11-69
	android:installLocation
		ADDED from src\main\AndroidManifest.xml:4:11-51
uses-sdk
ADDED from src\main\AndroidManifest.xml:8:5-10:41
MERGED from [com.github.lecho:hellocharts-library:1.5.8] AndroidManifest.xml:7:5-9:41
	android:targetSdkVersion
		ADDED from src\main\AndroidManifest.xml:10:9-38
		INJECTED from src\main\AndroidManifest.xml
		INJECTED from src\main\AndroidManifest.xml
	android:minSdkVersion
		ADDED from src\main\AndroidManifest.xml:9:9-35
		INJECTED from src\main\AndroidManifest.xml
		INJECTED from src\main\AndroidManifest.xml
uses-permission#android.permission.VIBRATE
ADDED from src\main\AndroidManifest.xml:12:5-66
	android:name
		ADDED from src\main\AndroidManifest.xml:12:22-63
uses-permission#android.permission.INTERNET
ADDED from src\main\AndroidManifest.xml:13:5-67
	android:name
		ADDED from src\main\AndroidManifest.xml:13:22-64
uses-permission#android.permission.CAMERA
ADDED from src\main\AndroidManifest.xml:14:5-65
	android:name
		ADDED from src\main\AndroidManifest.xml:14:22-62
uses-permission#android.permission.READ_PHONE_STATE
ADDED from src\main\AndroidManifest.xml:15:5-75
	android:name
		ADDED from src\main\AndroidManifest.xml:15:22-72
uses-permission#android.permission.MOUNT_UNMOUNT_FILESYSTEMS
ADDED from src\main\AndroidManifest.xml:16:5-84
	android:name
		ADDED from src\main\AndroidManifest.xml:16:22-81
uses-permission#android.permission.WRITE_EXTERNAL_STORAGE
ADDED from src\main\AndroidManifest.xml:17:5-81
	android:name
		ADDED from src\main\AndroidManifest.xml:17:22-78
uses-permission#android.permission.WRITE_MEDIA_STORAGE
ADDED from src\main\AndroidManifest.xml:18:5-78
	android:name
		ADDED from src\main\AndroidManifest.xml:18:22-75
uses-permission#android.permission.CHANGE_NETWORK_STATE
ADDED from src\main\AndroidManifest.xml:19:5-79
	android:name
		ADDED from src\main\AndroidManifest.xml:19:22-76
uses-permission#android.permission.CHANGE_WIFI_STATE
ADDED from src\main\AndroidManifest.xml:20:5-76
	android:name
		ADDED from src\main\AndroidManifest.xml:20:22-73
uses-permission#android.permission.ACCESS_NETWORK_STATE
ADDED from src\main\AndroidManifest.xml:21:5-79
	android:name
		ADDED from src\main\AndroidManifest.xml:21:22-76
uses-permission#android.permission.ACCESS_WIFI_STATE
ADDED from src\main\AndroidManifest.xml:22:5-76
	android:name
		ADDED from src\main\AndroidManifest.xml:22:22-73
uses-permission#com.android.browser.permission.READ_HISTORY_BOOKMARKS
ADDED from src\main\AndroidManifest.xml:23:5-93
	android:name
		ADDED from src\main\AndroidManifest.xml:23:22-90
uses-permission#android.permission.WRITE_SETTINGS
ADDED from src\main\AndroidManifest.xml:24:5-73
	android:name
		ADDED from src\main\AndroidManifest.xml:24:22-70
uses-permission#android.permission.WAKE_LOCK
ADDED from src\main\AndroidManifest.xml:25:5-68
	android:name
		ADDED from src\main\AndroidManifest.xml:25:22-65
uses-permission#android.permission.DEVICE_POWER
ADDED from src\main\AndroidManifest.xml:26:5-71
	android:name
		ADDED from src\main\AndroidManifest.xml:26:22-68
uses-feature#android.hardware.camera
ADDED from src\main\AndroidManifest.xml:28:5-60
	android:name
		ADDED from src\main\AndroidManifest.xml:28:19-57
uses-feature#android.hardware.camera.autofocus
ADDED from src\main\AndroidManifest.xml:29:5-70
	android:name
		ADDED from src\main\AndroidManifest.xml:29:19-67
uses-permission#android.permission.ACCESS_COARSE_LOCATION
ADDED from src\main\AndroidManifest.xml:32:5-97
	android:name
		ADDED from src\main\AndroidManifest.xml:32:22-78
uses-permission#android.permission.ACCESS_FINE_LOCATION
ADDED from src\main\AndroidManifest.xml:34:5-95
	android:name
		ADDED from src\main\AndroidManifest.xml:34:22-76
application
ADDED from src\main\AndroidManifest.xml:50:5-402:19
	android:label
		ADDED from src\main\AndroidManifest.xml:54:9-46
	android:hardwareAccelerated
		ADDED from src\main\AndroidManifest.xml:57:9-43
	android:allowBackup
		ADDED from src\main\AndroidManifest.xml:52:9-35
	android:icon
		ADDED from src\main\AndroidManifest.xml:53:9-38
	android:largeHeap
		ADDED from src\main\AndroidManifest.xml:56:9-33
	android:theme
		ADDED from src\main\AndroidManifest.xml:55:9-43
	android:name
		ADDED from src\main\AndroidManifest.xml:51:9-56
meta-data#com.baidu.lbsapi.API_KEY
ADDED from src\main\AndroidManifest.xml:58:9-60:63
	android:value
		ADDED from src\main\AndroidManifest.xml:60:13-61
	android:name
		ADDED from src\main\AndroidManifest.xml:59:13-52
service#com.baidu.location.f
ADDED from src\main\AndroidManifest.xml:63:9-66:40
	android:enabled
		ADDED from src\main\AndroidManifest.xml:65:13-35
	android:process
		ADDED from src\main\AndroidManifest.xml:66:13-38
	android:name
		ADDED from src\main\AndroidManifest.xml:64:13-48
activity#com.hn.linzi.activity.LoginActivity
ADDED from src\main\AndroidManifest.xml:67:9-72:20
	android:screenOrientation
		ADDED from src\main\AndroidManifest.xml:70:13-49
	android:label
		ADDED from src\main\AndroidManifest.xml:69:13-50
	android:name
		ADDED from src\main\AndroidManifest.xml:68:13-63
activity#com.hn.linzi.activity.ShuJiaActivity
ADDED from src\main\AndroidManifest.xml:73:9-77:20
	android:screenOrientation
		ADDED from src\main\AndroidManifest.xml:76:13-49
	android:label
		ADDED from src\main\AndroidManifest.xml:75:13-50
	android:name
		ADDED from src\main\AndroidManifest.xml:74:13-64
activity#com.hn.linzi.activity.SplashActivity
ADDED from src\main\AndroidManifest.xml:78:9-87:20
	android:screenOrientation
		ADDED from src\main\AndroidManifest.xml:81:13-49
	android:label
		ADDED from src\main\AndroidManifest.xml:80:13-50
	android:name
		ADDED from src\main\AndroidManifest.xml:79:13-64
intent-filter#android.intent.action.MAIN+android.intent.category.LAUNCHER
ADDED from src\main\AndroidManifest.xml:82:13-86:29
action#android.intent.action.MAIN
ADDED from src\main\AndroidManifest.xml:83:17-69
	android:name
		ADDED from src\main\AndroidManifest.xml:83:25-66
category#android.intent.category.LAUNCHER
ADDED from src\main\AndroidManifest.xml:85:17-77
	android:name
		ADDED from src\main\AndroidManifest.xml:85:27-74
activity#com.hn.linzi.activity.MainMenuActivity
ADDED from src\main\AndroidManifest.xml:88:9-94:20
	android:screenOrientation
		ADDED from src\main\AndroidManifest.xml:92:13-49
	android:label
		ADDED from src\main\AndroidManifest.xml:90:13-50
	android:launchMode
		ADDED from src\main\AndroidManifest.xml:91:13-44
	android:name
		ADDED from src\main\AndroidManifest.xml:89:13-66
activity#com.hn.linzi.activity.Personal_Settings
ADDED from src\main\AndroidManifest.xml:95:9-99:20
	android:screenOrientation
		ADDED from src\main\AndroidManifest.xml:98:13-49
	android:label
		ADDED from src\main\AndroidManifest.xml:97:13-50
	android:name
		ADDED from src\main\AndroidManifest.xml:96:13-67
activity#com.hn.linzi.activity.KechengActivity
ADDED from src\main\AndroidManifest.xml:100:9-104:20
	android:screenOrientation
		ADDED from src\main\AndroidManifest.xml:103:13-49
	android:label
		ADDED from src\main\AndroidManifest.xml:102:13-50
	android:name
		ADDED from src\main\AndroidManifest.xml:101:13-65
activity#com.hn.linzi.activity.ZiLiaoJiaActivity
ADDED from src\main\AndroidManifest.xml:105:9-109:20
	android:screenOrientation
		ADDED from src\main\AndroidManifest.xml:108:13-49
	android:label
		ADDED from src\main\AndroidManifest.xml:107:13-50
	android:name
		ADDED from src\main\AndroidManifest.xml:106:13-67
activity#com.hn.linzi.activity.ZiLiaoJiaManageActivity
ADDED from src\main\AndroidManifest.xml:110:9-114:20
	android:screenOrientation
		ADDED from src\main\AndroidManifest.xml:113:13-49
	android:label
		ADDED from src\main\AndroidManifest.xml:112:13-50
	android:name
		ADDED from src\main\AndroidManifest.xml:111:13-73
activity#com.hn.linzi.activity.XiaoXiActivity
ADDED from src\main\AndroidManifest.xml:115:9-119:20
	android:screenOrientation
		ADDED from src\main\AndroidManifest.xml:118:13-49
	android:label
		ADDED from src\main\AndroidManifest.xml:117:13-50
	android:name
		ADDED from src\main\AndroidManifest.xml:116:13-64
activity#com.hn.linzi.activity.YaoYiYaoActivity
ADDED from src\main\AndroidManifest.xml:120:9-124:20
	android:screenOrientation
		ADDED from src\main\AndroidManifest.xml:123:13-49
	android:label
		ADDED from src\main\AndroidManifest.xml:122:13-50
	android:name
		ADDED from src\main\AndroidManifest.xml:121:13-66
activity#com.hn.linzi.activity.XiuGaiPassword
ADDED from src\main\AndroidManifest.xml:125:9-129:20
	android:screenOrientation
		ADDED from src\main\AndroidManifest.xml:128:13-49
	android:label
		ADDED from src\main\AndroidManifest.xml:127:13-50
	android:name
		ADDED from src\main\AndroidManifest.xml:126:13-64
activity#com.hn.linzi.activity.LocalShuJiaActivity
ADDED from src\main\AndroidManifest.xml:130:9-134:20
	android:screenOrientation
		ADDED from src\main\AndroidManifest.xml:133:13-49
	android:label
		ADDED from src\main\AndroidManifest.xml:132:13-50
	android:name
		ADDED from src\main\AndroidManifest.xml:131:13-69
activity#com.hn.linzi.activity.MipcaActivityCapture
ADDED from src\main\AndroidManifest.xml:135:9-141:20
	android:screenOrientation
		ADDED from src\main\AndroidManifest.xml:139:13-49
	android:label
		ADDED from src\main\AndroidManifest.xml:138:13-50
	android:windowSoftInputMode
		ADDED from src\main\AndroidManifest.xml:140:13-60
	android:configChanges
		ADDED from src\main\AndroidManifest.xml:137:13-63
	android:name
		ADDED from src\main\AndroidManifest.xml:136:13-70
activity#com.hn.linzi.activity.BookXiangxiActivity
ADDED from src\main\AndroidManifest.xml:142:9-146:20
	android:screenOrientation
		ADDED from src\main\AndroidManifest.xml:145:13-49
	android:label
		ADDED from src\main\AndroidManifest.xml:144:13-50
	android:name
		ADDED from src\main\AndroidManifest.xml:143:13-69
activity#com.hn.linzi.activity.YaoYiYaoResult
ADDED from src\main\AndroidManifest.xml:147:9-151:20
	android:screenOrientation
		ADDED from src\main\AndroidManifest.xml:150:13-49
	android:label
		ADDED from src\main\AndroidManifest.xml:149:13-50
	android:name
		ADDED from src\main\AndroidManifest.xml:148:13-64
activity#com.hn.linzi.activity.NetActivity
ADDED from src\main\AndroidManifest.xml:152:9-157:20
	android:screenOrientation
		ADDED from src\main\AndroidManifest.xml:156:13-49
	android:label
		ADDED from src\main\AndroidManifest.xml:155:13-50
	android:hardwareAccelerated
		ADDED from src\main\AndroidManifest.xml:154:13-47
	android:name
		ADDED from src\main\AndroidManifest.xml:153:13-61
activity#com.hn.linzi.activity.XiaoXiContentActivity
ADDED from src\main\AndroidManifest.xml:158:9-163:20
	android:screenOrientation
		ADDED from src\main\AndroidManifest.xml:162:13-49
	android:label
		ADDED from src\main\AndroidManifest.xml:161:13-50
	android:hardwareAccelerated
		ADDED from src\main\AndroidManifest.xml:160:13-47
	android:name
		ADDED from src\main\AndroidManifest.xml:159:13-71
activity#com.hn.linzi.activity.ClassicBooksMainActivity
ADDED from src\main\AndroidManifest.xml:164:9-170:20
	android:screenOrientation
		ADDED from src\main\AndroidManifest.xml:168:13-49
	android:label
		ADDED from src\main\AndroidManifest.xml:167:13-50
	android:hardwareAccelerated
		ADDED from src\main\AndroidManifest.xml:166:13-47
	android:windowSoftInputMode
		ADDED from src\main\AndroidManifest.xml:169:13-64
	android:name
		ADDED from src\main\AndroidManifest.xml:165:13-74
activity#com.hn.linzi.activity.ClassicBooksListActivity
ADDED from src\main\AndroidManifest.xml:171:9-176:20
	android:screenOrientation
		ADDED from src\main\AndroidManifest.xml:175:13-49
	android:label
		ADDED from src\main\AndroidManifest.xml:174:13-50
	android:hardwareAccelerated
		ADDED from src\main\AndroidManifest.xml:173:13-47
	android:name
		ADDED from src\main\AndroidManifest.xml:172:13-74
activity#com.hn.linzi.activity.ClassicBooksContentActivity
ADDED from src\main\AndroidManifest.xml:177:9-182:20
	android:screenOrientation
		ADDED from src\main\AndroidManifest.xml:181:13-49
	android:label
		ADDED from src\main\AndroidManifest.xml:180:13-50
	android:hardwareAccelerated
		ADDED from src\main\AndroidManifest.xml:179:13-47
	android:name
		ADDED from src\main\AndroidManifest.xml:178:13-77
activity#com.hn.linzi.activity.NewBooksContentActivity
ADDED from src\main\AndroidManifest.xml:183:9-188:20
	android:screenOrientation
		ADDED from src\main\AndroidManifest.xml:187:13-49
	android:label
		ADDED from src\main\AndroidManifest.xml:186:13-50
	android:hardwareAccelerated
		ADDED from src\main\AndroidManifest.xml:185:13-47
	android:name
		ADDED from src\main\AndroidManifest.xml:184:13-73
activity#com.hn.linzi.activity.NewBooksListActivity
ADDED from src\main\AndroidManifest.xml:189:9-194:20
	android:screenOrientation
		ADDED from src\main\AndroidManifest.xml:193:13-49
	android:label
		ADDED from src\main\AndroidManifest.xml:192:13-50
	android:hardwareAccelerated
		ADDED from src\main\AndroidManifest.xml:191:13-47
	android:name
		ADDED from src\main\AndroidManifest.xml:190:13-70
activity#com.hn.linzi.activity.NewBooksMainActivity
ADDED from src\main\AndroidManifest.xml:195:9-201:20
	android:screenOrientation
		ADDED from src\main\AndroidManifest.xml:199:13-49
	android:label
		ADDED from src\main\AndroidManifest.xml:198:13-50
	android:hardwareAccelerated
		ADDED from src\main\AndroidManifest.xml:197:13-47
	android:windowSoftInputMode
		ADDED from src\main\AndroidManifest.xml:200:13-64
	android:name
		ADDED from src\main\AndroidManifest.xml:196:13-70
activity#com.hn.linzi.activity.PublicClassListActivity
ADDED from src\main\AndroidManifest.xml:202:9-207:20
	android:screenOrientation
		ADDED from src\main\AndroidManifest.xml:206:13-49
	android:label
		ADDED from src\main\AndroidManifest.xml:205:13-50
	android:hardwareAccelerated
		ADDED from src\main\AndroidManifest.xml:204:13-47
	android:name
		ADDED from src\main\AndroidManifest.xml:203:13-73
activity#com.hn.linzi.activity.PublicClassMainActivity
ADDED from src\main\AndroidManifest.xml:208:9-214:20
	android:screenOrientation
		ADDED from src\main\AndroidManifest.xml:212:13-49
	android:label
		ADDED from src\main\AndroidManifest.xml:211:13-50
	android:hardwareAccelerated
		ADDED from src\main\AndroidManifest.xml:210:13-47
	android:windowSoftInputMode
		ADDED from src\main\AndroidManifest.xml:213:13-64
	android:name
		ADDED from src\main\AndroidManifest.xml:209:13-73
activity#com.hn.linzi.activity.PublicClassContentActivity
ADDED from src\main\AndroidManifest.xml:215:9-220:20
	android:screenOrientation
		ADDED from src\main\AndroidManifest.xml:219:13-49
	android:label
		ADDED from src\main\AndroidManifest.xml:218:13-50
	android:hardwareAccelerated
		ADDED from src\main\AndroidManifest.xml:217:13-47
	android:name
		ADDED from src\main\AndroidManifest.xml:216:13-76
activity#com.hn.linzi.activity.KeChengXiangxiActivity
ADDED from src\main\AndroidManifest.xml:221:9-226:20
	android:screenOrientation
		ADDED from src\main\AndroidManifest.xml:225:13-49
	android:label
		ADDED from src\main\AndroidManifest.xml:224:13-50
	android:hardwareAccelerated
		ADDED from src\main\AndroidManifest.xml:223:13-47
	android:name
		ADDED from src\main\AndroidManifest.xml:222:13-72
activity#com.hn.linzi.activity.DownloadManageActivity
ADDED from src\main\AndroidManifest.xml:227:9-232:20
	android:screenOrientation
		ADDED from src\main\AndroidManifest.xml:231:13-49
	android:label
		ADDED from src\main\AndroidManifest.xml:230:13-50
	android:hardwareAccelerated
		ADDED from src\main\AndroidManifest.xml:229:13-47
	android:name
		ADDED from src\main\AndroidManifest.xml:228:13-72
activity#com.hn.linzi.activity.KeChengManageActivity
ADDED from src\main\AndroidManifest.xml:233:9-238:20
	android:screenOrientation
		ADDED from src\main\AndroidManifest.xml:237:13-49
	android:label
		ADDED from src\main\AndroidManifest.xml:236:13-50
	android:hardwareAccelerated
		ADDED from src\main\AndroidManifest.xml:235:13-47
	android:name
		ADDED from src\main\AndroidManifest.xml:234:13-71
activity#com.hn.linzi.activity.AboutActivity
ADDED from src\main\AndroidManifest.xml:239:9-244:20
	android:screenOrientation
		ADDED from src\main\AndroidManifest.xml:243:13-49
	android:label
		ADDED from src\main\AndroidManifest.xml:242:13-50
	android:hardwareAccelerated
		ADDED from src\main\AndroidManifest.xml:241:13-47
	android:name
		ADDED from src\main\AndroidManifest.xml:240:13-63
activity#com.hn.linzi.activity.HuoDongListActivity
ADDED from src\main\AndroidManifest.xml:245:9-249:20
	android:screenOrientation
		ADDED from src\main\AndroidManifest.xml:248:13-49
	android:label
		ADDED from src\main\AndroidManifest.xml:247:13-50
	android:name
		ADDED from src\main\AndroidManifest.xml:246:13-69
activity#com.hn.linzi.activity.FaQiHuoDongActivity
ADDED from src\main\AndroidManifest.xml:250:9-254:20
	android:screenOrientation
		ADDED from src\main\AndroidManifest.xml:253:13-49
	android:label
		ADDED from src\main\AndroidManifest.xml:252:13-50
	android:name
		ADDED from src\main\AndroidManifest.xml:251:13-69
activity#com.hn.linzi.activity.MyHuoDongListActivity
ADDED from src\main\AndroidManifest.xml:255:9-259:20
	android:screenOrientation
		ADDED from src\main\AndroidManifest.xml:258:13-49
	android:label
		ADDED from src\main\AndroidManifest.xml:257:13-50
	android:name
		ADDED from src\main\AndroidManifest.xml:256:13-71
activity#com.hn.linzi.activity.HuoDongDetailsActivity
ADDED from src\main\AndroidManifest.xml:260:9-264:20
	android:screenOrientation
		ADDED from src\main\AndroidManifest.xml:263:13-49
	android:label
		ADDED from src\main\AndroidManifest.xml:262:13-50
	android:name
		ADDED from src\main\AndroidManifest.xml:261:13-72
activity#com.hn.linzi.activity.ZhiChangListActivity
ADDED from src\main\AndroidManifest.xml:265:9-269:20
	android:screenOrientation
		ADDED from src\main\AndroidManifest.xml:268:13-49
	android:label
		ADDED from src\main\AndroidManifest.xml:267:13-50
	android:name
		ADDED from src\main\AndroidManifest.xml:266:13-70
activity#com.hn.linzi.activity.ZhiChangDetailsActivity
ADDED from src\main\AndroidManifest.xml:270:9-274:20
	android:screenOrientation
		ADDED from src\main\AndroidManifest.xml:273:13-49
	android:label
		ADDED from src\main\AndroidManifest.xml:272:13-50
	android:name
		ADDED from src\main\AndroidManifest.xml:271:13-73
activity#com.hn.linzi.activity.WebActivity
ADDED from src\main\AndroidManifest.xml:275:9-279:20
	android:screenOrientation
		ADDED from src\main\AndroidManifest.xml:278:13-49
	android:label
		ADDED from src\main\AndroidManifest.xml:277:13-50
	android:name
		ADDED from src\main\AndroidManifest.xml:276:13-61
activity#com.hn.linzi.activity.MyZhiChangListActivity
ADDED from src\main\AndroidManifest.xml:280:9-284:20
	android:screenOrientation
		ADDED from src\main\AndroidManifest.xml:283:13-49
	android:label
		ADDED from src\main\AndroidManifest.xml:282:13-50
	android:name
		ADDED from src\main\AndroidManifest.xml:281:13-72
activity#com.hn.linzi.activity.ImagePagerActivity
ADDED from src\main\AndroidManifest.xml:285:9-289:20
	android:screenOrientation
		ADDED from src\main\AndroidManifest.xml:288:13-49
	android:label
		ADDED from src\main\AndroidManifest.xml:287:13-50
	android:name
		ADDED from src\main\AndroidManifest.xml:286:13-68
activity#com.hn.linzi.activity.CustomMenuActivity
ADDED from src\main\AndroidManifest.xml:290:9-294:20
	android:screenOrientation
		ADDED from src\main\AndroidManifest.xml:293:13-49
	android:label
		ADDED from src\main\AndroidManifest.xml:292:13-50
	android:name
		ADDED from src\main\AndroidManifest.xml:291:13-68
activity#com.hn.linzi.activity.ChangeBGActivity
ADDED from src\main\AndroidManifest.xml:295:9-299:20
	android:screenOrientation
		ADDED from src\main\AndroidManifest.xml:298:13-49
	android:label
		ADDED from src\main\AndroidManifest.xml:297:13-50
	android:name
		ADDED from src\main\AndroidManifest.xml:296:13-66
activity#com.hn.epub.LEDActivity
ADDED from src\main\AndroidManifest.xml:300:9-304:20
	android:screenOrientation
		ADDED from src\main\AndroidManifest.xml:303:13-49
	android:label
		ADDED from src\main\AndroidManifest.xml:302:13-45
	android:name
		ADDED from src\main\AndroidManifest.xml:301:13-51
activity#com.hn.epub.Turnmain3
ADDED from src\main\AndroidManifest.xml:305:9-310:20
	android:screenOrientation
		ADDED from src\main\AndroidManifest.xml:308:13-49
	android:label
		ADDED from src\main\AndroidManifest.xml:307:13-61
	android:theme
		ADDED from src\main\AndroidManifest.xml:309:13-60
	android:name
		ADDED from src\main\AndroidManifest.xml:306:13-49
activity#com.hn.epub.ChapterList
ADDED from src\main\AndroidManifest.xml:311:9-314:20
	android:screenOrientation
		ADDED from src\main\AndroidManifest.xml:313:13-49
	android:name
		ADDED from src\main\AndroidManifest.xml:312:13-51
activity#com.hn.epub.MenuTopActivity
ADDED from src\main\AndroidManifest.xml:315:9-319:20
	android:screenOrientation
		ADDED from src\main\AndroidManifest.xml:318:13-49
	android:label
		ADDED from src\main\AndroidManifest.xml:317:13-60
	android:name
		ADDED from src\main\AndroidManifest.xml:316:13-55
activity#com.hn.epub.MenuBottomActivity
ADDED from src\main\AndroidManifest.xml:320:9-324:20
	android:screenOrientation
		ADDED from src\main\AndroidManifest.xml:323:13-49
	android:label
		ADDED from src\main\AndroidManifest.xml:322:13-63
	android:name
		ADDED from src\main\AndroidManifest.xml:321:13-58
activity#com.hn.epub.Turnpage1
ADDED from src\main\AndroidManifest.xml:325:9-329:20
	android:screenOrientation
		ADDED from src\main\AndroidManifest.xml:328:13-49
	android:label
		ADDED from src\main\AndroidManifest.xml:327:13-61
	android:name
		ADDED from src\main\AndroidManifest.xml:326:13-49
activity#com.hn.epub.Turnpage2
ADDED from src\main\AndroidManifest.xml:330:9-334:20
	android:screenOrientation
		ADDED from src\main\AndroidManifest.xml:333:13-49
	android:label
		ADDED from src\main\AndroidManifest.xml:332:13-61
	android:name
		ADDED from src\main\AndroidManifest.xml:331:13-49
activity#com.hn.epub.Turnpage3
ADDED from src\main\AndroidManifest.xml:335:9-339:20
	android:screenOrientation
		ADDED from src\main\AndroidManifest.xml:338:13-49
	android:label
		ADDED from src\main\AndroidManifest.xml:337:13-61
	android:name
		ADDED from src\main\AndroidManifest.xml:336:13-49
activity#com.hn.epub.Test1
ADDED from src\main\AndroidManifest.xml:340:9-344:20
	android:screenOrientation
		ADDED from src\main\AndroidManifest.xml:343:13-49
	android:label
		ADDED from src\main\AndroidManifest.xml:342:13-57
	android:name
		ADDED from src\main\AndroidManifest.xml:341:13-45
activity#com.hn.epub.SBjump
ADDED from src\main\AndroidManifest.xml:345:9-350:20
	android:screenOrientation
		ADDED from src\main\AndroidManifest.xml:348:13-49
	android:label
		ADDED from src\main\AndroidManifest.xml:347:13-58
	android:theme
		ADDED from src\main\AndroidManifest.xml:349:13-48
	android:name
		ADDED from src\main\AndroidManifest.xml:346:13-46
activity#com.hn.epub.Setup
ADDED from src\main\AndroidManifest.xml:351:9-356:20
	android:screenOrientation
		ADDED from src\main\AndroidManifest.xml:354:13-49
	android:label
		ADDED from src\main\AndroidManifest.xml:353:13-57
	android:theme
		ADDED from src\main\AndroidManifest.xml:355:13-48
	android:name
		ADDED from src\main\AndroidManifest.xml:352:13-45
activity#com.hn.linzi.activity.Exit
ADDED from src\main\AndroidManifest.xml:357:9-361:20
	android:screenOrientation
		ADDED from src\main\AndroidManifest.xml:359:13-49
	android:theme
		ADDED from src\main\AndroidManifest.xml:360:13-49
	android:name
		ADDED from src\main\AndroidManifest.xml:358:13-54
activity#com.hn.linzi.activity.ZuiXinTuShu
ADDED from src\main\AndroidManifest.xml:362:9-365:20
	android:screenOrientation
		ADDED from src\main\AndroidManifest.xml:364:13-49
	android:name
		ADDED from src\main\AndroidManifest.xml:363:13-61
activity#com.hn.linzi.activity.XueYaJi
ADDED from src\main\AndroidManifest.xml:366:9-369:20
	android:screenOrientation
		ADDED from src\main\AndroidManifest.xml:368:13-49
	android:name
		ADDED from src\main\AndroidManifest.xml:367:13-57
activity#com.hn.linzi.activity.MeasureActivity
ADDED from src\main\AndroidManifest.xml:370:9-373:20
	android:screenOrientation
		ADDED from src\main\AndroidManifest.xml:372:13-49
	android:name
		ADDED from src\main\AndroidManifest.xml:371:13-65
activity#com.hn.linzi.activity.ShowActivity
ADDED from src\main\AndroidManifest.xml:374:9-377:20
	android:screenOrientation
		ADDED from src\main\AndroidManifest.xml:376:13-49
	android:name
		ADDED from src\main\AndroidManifest.xml:375:13-62
activity#com.hn.linzi.activity.CurveActivity
ADDED from src\main\AndroidManifest.xml:378:9-381:20
	android:screenOrientation
		ADDED from src\main\AndroidManifest.xml:380:13-49
	android:name
		ADDED from src\main\AndroidManifest.xml:379:13-63
activity#com.hn.linzi.activity.MapActivity
ADDED from src\main\AndroidManifest.xml:382:9-385:20
	android:screenOrientation
		ADDED from src\main\AndroidManifest.xml:384:13-49
	android:name
		ADDED from src\main\AndroidManifest.xml:383:13-61
activity#com.hn.linzi.activity.DianZiZaZhiActivity
ADDED from src\main\AndroidManifest.xml:386:9-389:20
	android:screenOrientation
		ADDED from src\main\AndroidManifest.xml:388:13-49
	android:name
		ADDED from src\main\AndroidManifest.xml:387:13-69
service#com.hn.linzi.utils.UpdataAPK
ADDED from src\main\AndroidManifest.xml:390:9-391:19
	android:name
		ADDED from src\main\AndroidManifest.xml:390:18-61
receiver#com.ta.util.netstate.TANetworkStateReceiver
ADDED from src\main\AndroidManifest.xml:393:9-398:20
	android:name
		ADDED from src\main\AndroidManifest.xml:393:19-77
intent-filter#android.net.conn.CONNECTIVITY_CHANGE+ta.android.net.conn.CONNECTIVITY_CHANGE
ADDED from src\main\AndroidManifest.xml:394:13-397:29
action#android.net.conn.CONNECTIVITY_CHANGE
ADDED from src\main\AndroidManifest.xml:395:17-79
	android:name
		ADDED from src\main\AndroidManifest.xml:395:25-76
action#ta.android.net.conn.CONNECTIVITY_CHANGE
ADDED from src\main\AndroidManifest.xml:396:17-82
	android:name
		ADDED from src\main\AndroidManifest.xml:396:25-79
meta-data#UMENG_APPKEY
ADDED from src\main\AndroidManifest.xml:400:9-101
	android:value
		ADDED from src\main\AndroidManifest.xml:400:20-60
	android:name
		ADDED from src\main\AndroidManifest.xml:400:61-88
meta-data#UMENG_CHANNEL
ADDED from src\main\AndroidManifest.xml:401:9-77
	android:value
		ADDED from src\main\AndroidManifest.xml:401:20-46
	android:name
		ADDED from src\main\AndroidManifest.xml:401:47-75